# Logfile created on 2014-05-22 16:26:02 -0700 by logger.rb/41954
I, [2014-05-22T16:26:02.574379 #24894]  INFO -- : 0:  rake (10.1.1) from /Users/victorortiz/.rvm/gems/ruby-2.0.0-p353@rails3216/specifications/rake-10.1.1.gemspec
I, [2014-05-22T16:26:02.574764 #24894]  INFO -- : 0:  i18n (0.6.1) from /Users/victorortiz/.rvm/gems/ruby-2.0.0-p353@rails3216/specifications/i18n-0.6.1.gemspec
I, [2014-05-22T16:26:02.574998 #24894]  INFO -- : 0:  multi_json (1.9.0) from /Users/victorortiz/.rvm/gems/ruby-2.0.0-p353@rails3216/specifications/multi_json-1.9.0.gemspec
I, [2014-05-22T16:26:02.575222 #24894]  INFO -- : 0:  activesupport (3.2.13) from /Users/victorortiz/.rvm/gems/ruby-2.0.0-p353@rails3216/specifications/activesupport-3.2.13.gemspec
I, [2014-05-22T16:26:02.575441 #24894]  INFO -- : 0:  builder (3.0.4) from /Users/victorortiz/.rvm/gems/ruby-2.0.0-p353@rails3216/specifications/builder-3.0.4.gemspec
I, [2014-05-22T16:26:02.575714 #24894]  INFO -- : 0:  activemodel (3.2.13) from /Users/victorortiz/.rvm/gems/ruby-2.0.0-p353@rails3216/specifications/activemodel-3.2.13.gemspec
I, [2014-05-22T16:26:02.575940 #24894]  INFO -- : 0:  erubis (2.7.0) from /Users/victorortiz/.rvm/gems/ruby-2.0.0-p353@rails3216/specifications/erubis-2.7.0.gemspec
I, [2014-05-22T16:26:02.576152 #24894]  INFO -- : 0:  journey (1.0.4) from /Users/victorortiz/.rvm/gems/ruby-2.0.0-p353@rails3216/specifications/journey-1.0.4.gemspec
I, [2014-05-22T16:26:02.576371 #24894]  INFO -- : 0:  rack (1.4.5) from /Users/victorortiz/.rvm/gems/ruby-2.0.0-p353@rails3216/specifications/rack-1.4.5.gemspec
I, [2014-05-22T16:26:02.576583 #24894]  INFO -- : 0:  rack-cache (1.2) from /Users/victorortiz/.rvm/gems/ruby-2.0.0-p353@rails3216/specifications/rack-cache-1.2.gemspec
I, [2014-05-22T16:26:02.576794 #24894]  INFO -- : 0:  rack-test (0.6.2) from /Users/victorortiz/.rvm/gems/ruby-2.0.0-p353@rails3216/specifications/rack-test-0.6.2.gemspec
I, [2014-05-22T16:26:02.577002 #24894]  INFO -- : 0:  hike (1.2.3) from /Users/victorortiz/.rvm/gems/ruby-2.0.0-p353@rails3216/specifications/hike-1.2.3.gemspec
I, [2014-05-22T16:26:02.577213 #24894]  INFO -- : 0:  tilt (1.4.1) from /Users/victorortiz/.rvm/gems/ruby-2.0.0-p353@rails3216/specifications/tilt-1.4.1.gemspec
I, [2014-05-22T16:26:02.577426 #24894]  INFO -- : 0:  sprockets (2.2.2) from /Users/victorortiz/.rvm/gems/ruby-2.0.0-p353@rails3216/specifications/sprockets-2.2.2.gemspec
I, [2014-05-22T16:26:02.577637 #24894]  INFO -- : 0:  actionpack (3.2.13) from /Users/victorortiz/.rvm/gems/ruby-2.0.0-p353@rails3216/specifications/actionpack-3.2.13.gemspec
I, [2014-05-22T16:26:02.577854 #24894]  INFO -- : 0:  mime-types (1.25.1) from /Users/victorortiz/.rvm/gems/ruby-2.0.0-p353@rails3216/specifications/mime-types-1.25.1.gemspec
I, [2014-05-22T16:26:02.578067 #24894]  INFO -- : 0:  polyglot (0.3.4) from /Users/victorortiz/.rvm/gems/ruby-2.0.0-p353@rails3216/specifications/polyglot-0.3.4.gemspec
I, [2014-05-22T16:26:02.578283 #24894]  INFO -- : 0:  treetop (1.4.15) from /Users/victorortiz/.rvm/gems/ruby-2.0.0-p353@rails3216/specifications/treetop-1.4.15.gemspec
I, [2014-05-22T16:26:02.578497 #24894]  INFO -- : 0:  mail (2.5.4) from /Users/victorortiz/.rvm/gems/ruby-2.0.0-p353@rails3216/specifications/mail-2.5.4.gemspec
I, [2014-05-22T16:26:02.578710 #24894]  INFO -- : 0:  actionmailer (3.2.13) from /Users/victorortiz/.rvm/gems/ruby-2.0.0-p353@rails3216/specifications/actionmailer-3.2.13.gemspec
I, [2014-05-22T16:26:02.578976 #24894]  INFO -- : 0:  arel (3.0.3) from /Users/victorortiz/.rvm/gems/ruby-2.0.0-p353@rails3216/specifications/arel-3.0.3.gemspec
I, [2014-05-22T16:26:02.579191 #24894]  INFO -- : 0:  tzinfo (0.3.39) from /Users/victorortiz/.rvm/gems/ruby-2.0.0-p353@rails3216/specifications/tzinfo-0.3.39.gemspec
I, [2014-05-22T16:26:02.579401 #24894]  INFO -- : 0:  activerecord (3.2.13) from /Users/victorortiz/.rvm/gems/ruby-2.0.0-p353@rails3216/specifications/activerecord-3.2.13.gemspec
I, [2014-05-22T16:26:02.579615 #24894]  INFO -- : 0:  activeresource (3.2.13) from /Users/victorortiz/.rvm/gems/ruby-2.0.0-p353@rails3216/specifications/activeresource-3.2.13.gemspec
I, [2014-05-22T16:26:02.579833 #24894]  INFO -- : 0:  bcrypt-ruby (3.0.1) from /Users/victorortiz/.rvm/gems/ruby-2.0.0-p353@rails3216/specifications/bcrypt-ruby-3.0.1.gemspec
I, [2014-05-22T16:26:02.580051 #24894]  INFO -- : 0:  coffee-script-source (1.7.0) from /Users/victorortiz/.rvm/gems/ruby-2.0.0-p353@rails3216/specifications/coffee-script-source-1.7.0.gemspec
I, [2014-05-22T16:26:02.580261 #24894]  INFO -- : 0:  execjs (2.0.2) from /Users/victorortiz/.rvm/gems/ruby-2.0.0-p353@rails3216/specifications/execjs-2.0.2.gemspec
I, [2014-05-22T16:26:02.580468 #24894]  INFO -- : 0:  coffee-script (2.2.0) from /Users/victorortiz/.rvm/gems/ruby-2.0.0-p353@rails3216/specifications/coffee-script-2.2.0.gemspec
I, [2014-05-22T16:26:02.580679 #24894]  INFO -- : 0:  rack-ssl (1.3.3) from /Users/victorortiz/.rvm/gems/ruby-2.0.0-p353@rails3216/specifications/rack-ssl-1.3.3.gemspec
I, [2014-05-22T16:26:02.580893 #24894]  INFO -- : 0:  json (1.8.1) from /Users/victorortiz/.rvm/gems/ruby-2.0.0-p353@rails3216/specifications/json-1.8.1.gemspec
I, [2014-05-22T16:26:02.581107 #24894]  INFO -- : 0:  rdoc (3.12.2) from /Users/victorortiz/.rvm/gems/ruby-2.0.0-p353@rails3216/specifications/rdoc-3.12.2.gemspec
I, [2014-05-22T16:26:02.581320 #24894]  INFO -- : 0:  thor (0.18.1) from /Users/victorortiz/.rvm/gems/ruby-2.0.0-p353@rails3216/specifications/thor-0.18.1.gemspec
I, [2014-05-22T16:26:02.581531 #24894]  INFO -- : 0:  railties (3.2.13) from /Users/victorortiz/.rvm/gems/ruby-2.0.0-p353@rails3216/specifications/railties-3.2.13.gemspec
I, [2014-05-22T16:26:02.581794 #24894]  INFO -- : 0:  coffee-rails (3.2.2) from /Users/victorortiz/.rvm/gems/ruby-2.0.0-p353@rails3216/specifications/coffee-rails-3.2.2.gemspec
I, [2014-05-22T16:26:02.582091 #24894]  INFO -- : 0:  daemons (1.1.9) from /Users/victorortiz/.rvm/gems/ruby-2.0.0-p353@rails3216/specifications/daemons-1.1.9.gemspec
I, [2014-05-22T16:26:02.582456 #24894]  INFO -- : 0:  eventmachine (1.0.3) from /Users/victorortiz/.rvm/gems/ruby-2.0.0-p353@rails3216/specifications/eventmachine-1.0.3.gemspec
I, [2014-05-22T16:26:02.583302 #24894]  INFO -- : 0:  sass (3.3.0) from /Users/victorortiz/.rvm/gems/ruby-2.0.0-p353@rails3216/specifications/sass-3.3.0.gemspec
I, [2014-05-22T16:26:02.583989 #24894]  INFO -- : 0:  foundation-rails (5.2.0.0) from /Users/victorortiz/.rvm/gems/ruby-2.0.0-p353@rails3216/specifications/foundation-rails-5.2.0.0.gemspec
I, [2014-05-22T16:26:02.584706 #24894]  INFO -- : 0:  jquery-rails (3.1.0) from /Users/victorortiz/.rvm/gems/ruby-2.0.0-p353@rails3216/specifications/jquery-rails-3.1.0.gemspec
I, [2014-05-22T16:26:02.585195 #24894]  INFO -- : 0:  pdfkit (0.6.1) from /Users/victorortiz/.rvm/gems/ruby-2.0.0-p353@rails3216/specifications/pdfkit-0.6.1.gemspec
E, [2014-05-22T16:26:03.388627 #24894] ERROR -- : Gem::Ext::BuildError: ERROR: Failed to build gem native extension.

    /Users/victorortiz/.rvm/rubies/ruby-2.0.0-p353/bin/ruby extconf.rb 
checking for pg_config... no
No pg_config... trying anyway. If building fails, please try again with
 --with-pg-config=/path/to/pg_config
checking for libpq-fe.h... no
Can't find the 'libpq-fe.h header
*** extconf.rb failed ***
Could not create Makefile due to some reason, probably lack of necessary
libraries and/or headers.  Check the mkmf.log file for more details.  You may
need configuration options.

Provided configuration options:
	--with-opt-dir
	--without-opt-dir
	--with-opt-include
	--without-opt-include=${opt-dir}/include
	--with-opt-lib
	--without-opt-lib=${opt-dir}/lib
	--with-make-prog
	--without-make-prog
	--srcdir=.
	--curdir
	--ruby=/Users/victorortiz/.rvm/rubies/ruby-2.0.0-p353/bin/ruby
	--with-pg
	--without-pg
	--with-pg-config
	--without-pg-config
	--with-pg_config
	--without-pg_config
	--with-pg-dir
	--without-pg-dir
	--with-pg-include
	--without-pg-include=${pg-dir}/include
	--with-pg-lib
	--without-pg-lib=${pg-dir}/

extconf failed, exit code 1

Gem files will remain installed in /Users/victorortiz/.rvm/gems/ruby-2.0.0-p353@rails3216/gems/pg-0.17.1 for inspection.
Results logged to /Users/victorortiz/.rvm/gems/ruby-2.0.0-p353@rails3216/extensions/x86_64-darwin-12/2.0.0-static/pg-0.17.1/gem_make.out

/Users/victorortiz/.rvm/rubies/ruby-2.0.0-p353/lib/ruby/site_ruby/2.0.0/rubygems/ext/builder.rb:89:in `run'  \n/Users/victorortiz/.rvm/rubies/ruby-2.0.0-p353/lib/ruby/site_ruby/2.0.0/rubygems/ext/ext_conf_builder.rb:38:in `block in build'  \n/Users/victorortiz/.rvm/rubies/ruby-2.0.0-p353/lib/ruby/2.0.0/tempfile.rb:324:in `open'  \n/Users/victorortiz/.rvm/rubies/ruby-2.0.0-p353/lib/ruby/site_ruby/2.0.0/rubygems/ext/ext_conf_builder.rb:17:in `build'  \n/Users/victorortiz/.rvm/rubies/ruby-2.0.0-p353/lib/ruby/site_ruby/2.0.0/rubygems/ext/builder.rb:161:in `block (2 levels) in build_extension'  \n/Users/victorortiz/.rvm/rubies/ruby-2.0.0-p353/lib/ruby/site_ruby/2.0.0/rubygems/ext/builder.rb:160:in `chdir'  \n/Users/victorortiz/.rvm/rubies/ruby-2.0.0-p353/lib/ruby/site_ruby/2.0.0/rubygems/ext/builder.rb:160:in `block in build_extension'  \n/Users/victorortiz/.rvm/rubies/ruby-2.0.0-p353/lib/ruby/site_ruby/2.0.0/rubygems/ext/builder.rb:159:in `synchronize'  \n/Users/victorortiz/.rvm/rubies/ruby-2.0.0-p353/lib/ruby/site_ruby/2.0.0/rubygems/ext/builder.rb:159:in `build_extension'  \n/Users/victorortiz/.rvm/rubies/ruby-2.0.0-p353/lib/ruby/site_ruby/2.0.0/rubygems/ext/builder.rb:198:in `block in build_extensions'  \n/Users/victorortiz/.rvm/rubies/ruby-2.0.0-p353/lib/ruby/site_ruby/2.0.0/rubygems/ext/builder.rb:195:in `each'  \n/Users/victorortiz/.rvm/rubies/ruby-2.0.0-p353/lib/ruby/site_ruby/2.0.0/rubygems/ext/builder.rb:195:in `build_extensions'  \n/Users/victorortiz/.rvm/rubies/ruby-2.0.0-p353/lib/ruby/site_ruby/2.0.0/rubygems/installer.rb:677:in `build_extensions'  \n/Users/victorortiz/.rvm/rubies/ruby-2.0.0-p353/lib/ruby/site_ruby/2.0.0/rubygems/installer.rb:232:in `install'  \n/Users/victorortiz/.rvm/gems/ruby-2.0.0-p353@global/gems/bundler-1.5.1/lib/bundler/source/rubygems.rb:101:in `block in install'  \n/Users/victorortiz/.rvm/gems/ruby-2.0.0-p353@global/gems/bundler-1.5.1/lib/bundler/rubygems_integration.rb:118:in `preserve_paths'  \n/Users/victorortiz/.rvm/gems/ruby-2.0.0-p353@global/gems/bundler-1.5.1/lib/bundler/source/rubygems.rb:94:in `install'  \n/Users/victorortiz/.rvm/gems/ruby-2.0.0-p353@global/gems/bundler-1.5.1/lib/bundler/installer.rb:111:in `block in install_gem_from_spec'  \n/Users/victorortiz/.rvm/gems/ruby-2.0.0-p353@global/gems/bundler-1.5.1/lib/bundler/rubygems_integration.rb:150:in `with_build_args'  \n/Users/victorortiz/.rvm/gems/ruby-2.0.0-p353@global/gems/bundler-1.5.1/lib/bundler/installer.rb:110:in `install_gem_from_spec'  \n/Users/victorortiz/.rvm/gems/ruby-2.0.0-p353@global/gems/bundler-1.5.1/lib/bundler/installer.rb:295:in `block in install_sequentially'  \n/Users/victorortiz/.rvm/rubies/ruby-2.0.0-p353/lib/ruby/2.0.0/forwardable.rb:171:in `each'  \n/Users/victorortiz/.rvm/rubies/ruby-2.0.0-p353/lib/ruby/2.0.0/forwardable.rb:171:in `each'  \n/Users/victorortiz/.rvm/gems/ruby-2.0.0-p353@global/gems/bundler-1.5.1/lib/bundler/installer.rb:294:in `install_sequentially'  \n/Users/victorortiz/.rvm/gems/ruby-2.0.0-p353@global/gems/bundler-1.5.1/lib/bundler/installer.rb:97:in `run'  \n/Users/victorortiz/.rvm/gems/ruby-2.0.0-p353@global/gems/bundler-1.5.1/lib/bundler/installer.rb:15:in `install'  \n/Users/victorortiz/.rvm/gems/ruby-2.0.0-p353@global/gems/bundler-1.5.1/lib/bundler/cli.rb:257:in `install'  \n/Users/victorortiz/.rvm/gems/ruby-2.0.0-p353@global/gems/bundler-1.5.1/lib/bundler/vendor/thor/command.rb:27:in `run'  \n/Users/victorortiz/.rvm/gems/ruby-2.0.0-p353@global/gems/bundler-1.5.1/lib/bundler/vendor/thor/invocation.rb:120:in `invoke_command'  \n/Users/victorortiz/.rvm/gems/ruby-2.0.0-p353@global/gems/bundler-1.5.1/lib/bundler/vendor/thor.rb:363:in `dispatch'  \n/Users/victorortiz/.rvm/gems/ruby-2.0.0-p353@global/gems/bundler-1.5.1/lib/bundler/vendor/thor/base.rb:438:in `start'  \n/Users/victorortiz/.rvm/gems/ruby-2.0.0-p353@global/gems/bundler-1.5.1/lib/bundler/cli.rb:10:in `start'  \n/Users/victorortiz/.rvm/gems/ruby-2.0.0-p353@global/gems/bundler-1.5.1/bin/bundle:22:in `block in <top (required)>'  \n/Users/victorortiz/.rvm/gems/ruby-2.0.0-p353@global/gems/bundler-1.5.1/lib/bundler/friendly_errors.rb:5:in `with_friendly_errors'  \n/Users/victorortiz/.rvm/gems/ruby-2.0.0-p353@global/gems/bundler-1.5.1/bin/bundle:22:in `<top (required)>'  \n/Users/victorortiz/.rvm/gems/ruby-2.0.0-p353@global/bin/bundle:23:in `load'  \n/Users/victorortiz/.rvm/gems/ruby-2.0.0-p353@global/bin/bundle:23:in `<main>'  \n/Users/victorortiz/.rvm/gems/ruby-2.0.0-p353@rails3216/bin/ruby_executable_hooks:15:in `eval'  \n/Users/victorortiz/.rvm/gems/ruby-2.0.0-p353@rails3216/bin/ruby_executable_hooks:15:in `<main>'
I, [2014-05-22T16:27:49.301581 #24916]  INFO -- : 0:  rake (10.1.1) from /Users/victorortiz/.rvm/gems/ruby-2.0.0-p353@rails3216/specifications/rake-10.1.1.gemspec
I, [2014-05-22T16:27:49.302467 #24916]  INFO -- : 0:  i18n (0.6.1) from /Users/victorortiz/.rvm/gems/ruby-2.0.0-p353@rails3216/specifications/i18n-0.6.1.gemspec
I, [2014-05-22T16:27:49.302858 #24916]  INFO -- : 0:  multi_json (1.9.0) from /Users/victorortiz/.rvm/gems/ruby-2.0.0-p353@rails3216/specifications/multi_json-1.9.0.gemspec
I, [2014-05-22T16:27:49.303247 #24916]  INFO -- : 0:  activesupport (3.2.13) from /Users/victorortiz/.rvm/gems/ruby-2.0.0-p353@rails3216/specifications/activesupport-3.2.13.gemspec
I, [2014-05-22T16:27:49.303652 #24916]  INFO -- : 0:  builder (3.0.4) from /Users/victorortiz/.rvm/gems/ruby-2.0.0-p353@rails3216/specifications/builder-3.0.4.gemspec
I, [2014-05-22T16:27:49.303939 #24916]  INFO -- : 0:  activemodel (3.2.13) from /Users/victorortiz/.rvm/gems/ruby-2.0.0-p353@rails3216/specifications/activemodel-3.2.13.gemspec
I, [2014-05-22T16:27:49.304184 #24916]  INFO -- : 0:  erubis (2.7.0) from /Users/victorortiz/.rvm/gems/ruby-2.0.0-p353@rails3216/specifications/erubis-2.7.0.gemspec
I, [2014-05-22T16:27:49.304423 #24916]  INFO -- : 0:  journey (1.0.4) from /Users/victorortiz/.rvm/gems/ruby-2.0.0-p353@rails3216/specifications/journey-1.0.4.gemspec
I, [2014-05-22T16:27:49.304667 #24916]  INFO -- : 0:  rack (1.4.5) from /Users/victorortiz/.rvm/gems/ruby-2.0.0-p353@rails3216/specifications/rack-1.4.5.gemspec
I, [2014-05-22T16:27:49.304908 #24916]  INFO -- : 0:  rack-cache (1.2) from /Users/victorortiz/.rvm/gems/ruby-2.0.0-p353@rails3216/specifications/rack-cache-1.2.gemspec
I, [2014-05-22T16:27:49.305147 #24916]  INFO -- : 0:  rack-test (0.6.2) from /Users/victorortiz/.rvm/gems/ruby-2.0.0-p353@rails3216/specifications/rack-test-0.6.2.gemspec
I, [2014-05-22T16:27:49.305385 #24916]  INFO -- : 0:  hike (1.2.3) from /Users/victorortiz/.rvm/gems/ruby-2.0.0-p353@rails3216/specifications/hike-1.2.3.gemspec
I, [2014-05-22T16:27:49.305620 #24916]  INFO -- : 0:  tilt (1.4.1) from /Users/victorortiz/.rvm/gems/ruby-2.0.0-p353@rails3216/specifications/tilt-1.4.1.gemspec
I, [2014-05-22T16:27:49.305860 #24916]  INFO -- : 0:  sprockets (2.2.2) from /Users/victorortiz/.rvm/gems/ruby-2.0.0-p353@rails3216/specifications/sprockets-2.2.2.gemspec
I, [2014-05-22T16:27:49.306099 #24916]  INFO -- : 0:  actionpack (3.2.13) from /Users/victorortiz/.rvm/gems/ruby-2.0.0-p353@rails3216/specifications/actionpack-3.2.13.gemspec
I, [2014-05-22T16:27:49.306362 #24916]  INFO -- : 0:  mime-types (1.25.1) from /Users/victorortiz/.rvm/gems/ruby-2.0.0-p353@rails3216/specifications/mime-types-1.25.1.gemspec
I, [2014-05-22T16:27:49.306633 #24916]  INFO -- : 0:  polyglot (0.3.4) from /Users/victorortiz/.rvm/gems/ruby-2.0.0-p353@rails3216/specifications/polyglot-0.3.4.gemspec
I, [2014-05-22T16:27:49.306871 #24916]  INFO -- : 0:  treetop (1.4.15) from /Users/victorortiz/.rvm/gems/ruby-2.0.0-p353@rails3216/specifications/treetop-1.4.15.gemspec
I, [2014-05-22T16:27:49.307111 #24916]  INFO -- : 0:  mail (2.5.4) from /Users/victorortiz/.rvm/gems/ruby-2.0.0-p353@rails3216/specifications/mail-2.5.4.gemspec
I, [2014-05-22T16:27:49.307345 #24916]  INFO -- : 0:  actionmailer (3.2.13) from /Users/victorortiz/.rvm/gems/ruby-2.0.0-p353@rails3216/specifications/actionmailer-3.2.13.gemspec
I, [2014-05-22T16:27:49.307584 #24916]  INFO -- : 0:  arel (3.0.3) from /Users/victorortiz/.rvm/gems/ruby-2.0.0-p353@rails3216/specifications/arel-3.0.3.gemspec
I, [2014-05-22T16:27:49.308101 #24916]  INFO -- : 0:  tzinfo (0.3.39) from /Users/victorortiz/.rvm/gems/ruby-2.0.0-p353@rails3216/specifications/tzinfo-0.3.39.gemspec
I, [2014-05-22T16:27:49.308348 #24916]  INFO -- : 0:  activerecord (3.2.13) from /Users/victorortiz/.rvm/gems/ruby-2.0.0-p353@rails3216/specifications/activerecord-3.2.13.gemspec
I, [2014-05-22T16:27:49.308586 #24916]  INFO -- : 0:  activeresource (3.2.13) from /Users/victorortiz/.rvm/gems/ruby-2.0.0-p353@rails3216/specifications/activeresource-3.2.13.gemspec
I, [2014-05-22T16:27:49.308824 #24916]  INFO -- : 0:  bcrypt-ruby (3.0.1) from /Users/victorortiz/.rvm/gems/ruby-2.0.0-p353@rails3216/specifications/bcrypt-ruby-3.0.1.gemspec
I, [2014-05-22T16:27:49.309066 #24916]  INFO -- : 0:  coffee-script-source (1.7.0) from /Users/victorortiz/.rvm/gems/ruby-2.0.0-p353@rails3216/specifications/coffee-script-source-1.7.0.gemspec
I, [2014-05-22T16:27:49.309301 #24916]  INFO -- : 0:  execjs (2.0.2) from /Users/victorortiz/.rvm/gems/ruby-2.0.0-p353@rails3216/specifications/execjs-2.0.2.gemspec
I, [2014-05-22T16:27:49.309530 #24916]  INFO -- : 0:  coffee-script (2.2.0) from /Users/victorortiz/.rvm/gems/ruby-2.0.0-p353@rails3216/specifications/coffee-script-2.2.0.gemspec
I, [2014-05-22T16:27:49.309764 #24916]  INFO -- : 0:  rack-ssl (1.3.3) from /Users/victorortiz/.rvm/gems/ruby-2.0.0-p353@rails3216/specifications/rack-ssl-1.3.3.gemspec
I, [2014-05-22T16:27:49.309999 #24916]  INFO -- : 0:  json (1.8.1) from /Users/victorortiz/.rvm/gems/ruby-2.0.0-p353@rails3216/specifications/json-1.8.1.gemspec
I, [2014-05-22T16:27:49.310237 #24916]  INFO -- : 0:  rdoc (3.12.2) from /Users/victorortiz/.rvm/gems/ruby-2.0.0-p353@rails3216/specifications/rdoc-3.12.2.gemspec
I, [2014-05-22T16:27:49.310486 #24916]  INFO -- : 0:  thor (0.18.1) from /Users/victorortiz/.rvm/gems/ruby-2.0.0-p353@rails3216/specifications/thor-0.18.1.gemspec
I, [2014-05-22T16:27:49.310719 #24916]  INFO -- : 0:  railties (3.2.13) from /Users/victorortiz/.rvm/gems/ruby-2.0.0-p353@rails3216/specifications/railties-3.2.13.gemspec
I, [2014-05-22T16:27:49.311018 #24916]  INFO -- : 0:  coffee-rails (3.2.2) from /Users/victorortiz/.rvm/gems/ruby-2.0.0-p353@rails3216/specifications/coffee-rails-3.2.2.gemspec
I, [2014-05-22T16:27:49.311291 #24916]  INFO -- : 0:  daemons (1.1.9) from /Users/victorortiz/.rvm/gems/ruby-2.0.0-p353@rails3216/specifications/daemons-1.1.9.gemspec
I, [2014-05-22T16:27:49.311524 #24916]  INFO -- : 0:  eventmachine (1.0.3) from /Users/victorortiz/.rvm/gems/ruby-2.0.0-p353@rails3216/specifications/eventmachine-1.0.3.gemspec
I, [2014-05-22T16:27:49.311764 #24916]  INFO -- : 0:  sass (3.3.0) from /Users/victorortiz/.rvm/gems/ruby-2.0.0-p353@rails3216/specifications/sass-3.3.0.gemspec
I, [2014-05-22T16:27:49.312026 #24916]  INFO -- : 0:  foundation-rails (5.2.0.0) from /Users/victorortiz/.rvm/gems/ruby-2.0.0-p353@rails3216/specifications/foundation-rails-5.2.0.0.gemspec
I, [2014-05-22T16:27:49.312293 #24916]  INFO -- : 0:  jquery-rails (3.1.0) from /Users/victorortiz/.rvm/gems/ruby-2.0.0-p353@rails3216/specifications/jquery-rails-3.1.0.gemspec
I, [2014-05-22T16:27:49.312881 #24916]  INFO -- : 0:  pdfkit (0.6.1) from /Users/victorortiz/.rvm/gems/ruby-2.0.0-p353@rails3216/specifications/pdfkit-0.6.1.gemspec
E, [2014-05-22T16:27:49.938563 #24916] ERROR -- : Gem::Ext::BuildError: ERROR: Failed to build gem native extension.

    /Users/victorortiz/.rvm/rubies/ruby-2.0.0-p353/bin/ruby extconf.rb 
checking for pg_config... no
No pg_config... trying anyway. If building fails, please try again with
 --with-pg-config=/path/to/pg_config
checking for libpq-fe.h... no
Can't find the 'libpq-fe.h header
*** extconf.rb failed ***
Could not create Makefile due to some reason, probably lack of necessary
libraries and/or headers.  Check the mkmf.log file for more details.  You may
need configuration options.

Provided configuration options:
	--with-opt-dir
	--without-opt-dir
	--with-opt-include
	--without-opt-include=${opt-dir}/include
	--with-opt-lib
	--without-opt-lib=${opt-dir}/lib
	--with-make-prog
	--without-make-prog
	--srcdir=.
	--curdir
	--ruby=/Users/victorortiz/.rvm/rubies/ruby-2.0.0-p353/bin/ruby
	--with-pg
	--without-pg
	--with-pg-config
	--without-pg-config
	--with-pg_config
	--without-pg_config
	--with-pg-dir
	--without-pg-dir
	--with-pg-include
	--without-pg-include=${pg-dir}/include
	--with-pg-lib
	--without-pg-lib=${pg-dir}/

extconf failed, exit code 1

Gem files will remain installed in /Users/victorortiz/.rvm/gems/ruby-2.0.0-p353@rails3216/gems/pg-0.17.1 for inspection.
Results logged to /Users/victorortiz/.rvm/gems/ruby-2.0.0-p353@rails3216/extensions/x86_64-darwin-12/2.0.0-static/pg-0.17.1/gem_make.out

/Users/victorortiz/.rvm/rubies/ruby-2.0.0-p353/lib/ruby/site_ruby/2.0.0/rubygems/ext/builder.rb:89:in `run'  \n/Users/victorortiz/.rvm/rubies/ruby-2.0.0-p353/lib/ruby/site_ruby/2.0.0/rubygems/ext/ext_conf_builder.rb:38:in `block in build'  \n/Users/victorortiz/.rvm/rubies/ruby-2.0.0-p353/lib/ruby/2.0.0/tempfile.rb:324:in `open'  \n/Users/victorortiz/.rvm/rubies/ruby-2.0.0-p353/lib/ruby/site_ruby/2.0.0/rubygems/ext/ext_conf_builder.rb:17:in `build'  \n/Users/victorortiz/.rvm/rubies/ruby-2.0.0-p353/lib/ruby/site_ruby/2.0.0/rubygems/ext/builder.rb:161:in `block (2 levels) in build_extension'  \n/Users/victorortiz/.rvm/rubies/ruby-2.0.0-p353/lib/ruby/site_ruby/2.0.0/rubygems/ext/builder.rb:160:in `chdir'  \n/Users/victorortiz/.rvm/rubies/ruby-2.0.0-p353/lib/ruby/site_ruby/2.0.0/rubygems/ext/builder.rb:160:in `block in build_extension'  \n/Users/victorortiz/.rvm/rubies/ruby-2.0.0-p353/lib/ruby/site_ruby/2.0.0/rubygems/ext/builder.rb:159:in `synchronize'  \n/Users/victorortiz/.rvm/rubies/ruby-2.0.0-p353/lib/ruby/site_ruby/2.0.0/rubygems/ext/builder.rb:159:in `build_extension'  \n/Users/victorortiz/.rvm/rubies/ruby-2.0.0-p353/lib/ruby/site_ruby/2.0.0/rubygems/ext/builder.rb:198:in `block in build_extensions'  \n/Users/victorortiz/.rvm/rubies/ruby-2.0.0-p353/lib/ruby/site_ruby/2.0.0/rubygems/ext/builder.rb:195:in `each'  \n/Users/victorortiz/.rvm/rubies/ruby-2.0.0-p353/lib/ruby/site_ruby/2.0.0/rubygems/ext/builder.rb:195:in `build_extensions'  \n/Users/victorortiz/.rvm/rubies/ruby-2.0.0-p353/lib/ruby/site_ruby/2.0.0/rubygems/installer.rb:677:in `build_extensions'  \n/Users/victorortiz/.rvm/rubies/ruby-2.0.0-p353/lib/ruby/site_ruby/2.0.0/rubygems/installer.rb:232:in `install'  \n/Users/victorortiz/.rvm/gems/ruby-2.0.0-p353@global/gems/bundler-1.5.1/lib/bundler/source/rubygems.rb:101:in `block in install'  \n/Users/victorortiz/.rvm/gems/ruby-2.0.0-p353@global/gems/bundler-1.5.1/lib/bundler/rubygems_integration.rb:118:in `preserve_paths'  \n/Users/victorortiz/.rvm/gems/ruby-2.0.0-p353@global/gems/bundler-1.5.1/lib/bundler/source/rubygems.rb:94:in `install'  \n/Users/victorortiz/.rvm/gems/ruby-2.0.0-p353@global/gems/bundler-1.5.1/lib/bundler/installer.rb:111:in `block in install_gem_from_spec'  \n/Users/victorortiz/.rvm/gems/ruby-2.0.0-p353@global/gems/bundler-1.5.1/lib/bundler/rubygems_integration.rb:150:in `with_build_args'  \n/Users/victorortiz/.rvm/gems/ruby-2.0.0-p353@global/gems/bundler-1.5.1/lib/bundler/installer.rb:110:in `install_gem_from_spec'  \n/Users/victorortiz/.rvm/gems/ruby-2.0.0-p353@global/gems/bundler-1.5.1/lib/bundler/installer.rb:295:in `block in install_sequentially'  \n/Users/victorortiz/.rvm/rubies/ruby-2.0.0-p353/lib/ruby/2.0.0/forwardable.rb:171:in `each'  \n/Users/victorortiz/.rvm/rubies/ruby-2.0.0-p353/lib/ruby/2.0.0/forwardable.rb:171:in `each'  \n/Users/victorortiz/.rvm/gems/ruby-2.0.0-p353@global/gems/bundler-1.5.1/lib/bundler/installer.rb:294:in `install_sequentially'  \n/Users/victorortiz/.rvm/gems/ruby-2.0.0-p353@global/gems/bundler-1.5.1/lib/bundler/installer.rb:97:in `run'  \n/Users/victorortiz/.rvm/gems/ruby-2.0.0-p353@global/gems/bundler-1.5.1/lib/bundler/installer.rb:15:in `install'  \n/Users/victorortiz/.rvm/gems/ruby-2.0.0-p353@global/gems/bundler-1.5.1/lib/bundler/cli.rb:257:in `install'  \n/Users/victorortiz/.rvm/gems/ruby-2.0.0-p353@global/gems/bundler-1.5.1/lib/bundler/vendor/thor/command.rb:27:in `run'  \n/Users/victorortiz/.rvm/gems/ruby-2.0.0-p353@global/gems/bundler-1.5.1/lib/bundler/vendor/thor/invocation.rb:120:in `invoke_command'  \n/Users/victorortiz/.rvm/gems/ruby-2.0.0-p353@global/gems/bundler-1.5.1/lib/bundler/vendor/thor.rb:363:in `dispatch'  \n/Users/victorortiz/.rvm/gems/ruby-2.0.0-p353@global/gems/bundler-1.5.1/lib/bundler/vendor/thor/base.rb:438:in `start'  \n/Users/victorortiz/.rvm/gems/ruby-2.0.0-p353@global/gems/bundler-1.5.1/lib/bundler/cli.rb:10:in `start'  \n/Users/victorortiz/.rvm/gems/ruby-2.0.0-p353@global/gems/bundler-1.5.1/bin/bundle:22:in `block in <top (required)>'  \n/Users/victorortiz/.rvm/gems/ruby-2.0.0-p353@global/gems/bundler-1.5.1/lib/bundler/friendly_errors.rb:5:in `with_friendly_errors'  \n/Users/victorortiz/.rvm/gems/ruby-2.0.0-p353@global/gems/bundler-1.5.1/bin/bundle:22:in `<top (required)>'  \n/Users/victorortiz/.rvm/gems/ruby-2.0.0-p353@global/bin/bundle:23:in `load'  \n/Users/victorortiz/.rvm/gems/ruby-2.0.0-p353@global/bin/bundle:23:in `<main>'  \n/Users/victorortiz/.rvm/gems/ruby-2.0.0-p353@rails3216/bin/ruby_executable_hooks:15:in `eval'  \n/Users/victorortiz/.rvm/gems/ruby-2.0.0-p353@rails3216/bin/ruby_executable_hooks:15:in `<main>'
I, [2014-05-22T16:29:34.762549 #24935]  INFO -- : 0:  rake (10.1.1) from /Users/victorortiz/.rvm/gems/ruby-2.0.0-p353@rails3216/specifications/rake-10.1.1.gemspec
I, [2014-05-22T16:29:34.762910 #24935]  INFO -- : 0:  i18n (0.6.1) from /Users/victorortiz/.rvm/gems/ruby-2.0.0-p353@rails3216/specifications/i18n-0.6.1.gemspec
I, [2014-05-22T16:29:34.763185 #24935]  INFO -- : 0:  multi_json (1.9.0) from /Users/victorortiz/.rvm/gems/ruby-2.0.0-p353@rails3216/specifications/multi_json-1.9.0.gemspec
I, [2014-05-22T16:29:34.763451 #24935]  INFO -- : 0:  activesupport (3.2.13) from /Users/victorortiz/.rvm/gems/ruby-2.0.0-p353@rails3216/specifications/activesupport-3.2.13.gemspec
I, [2014-05-22T16:29:34.763762 #24935]  INFO -- : 0:  builder (3.0.4) from /Users/victorortiz/.rvm/gems/ruby-2.0.0-p353@rails3216/specifications/builder-3.0.4.gemspec
I, [2014-05-22T16:29:34.764054 #24935]  INFO -- : 0:  activemodel (3.2.13) from /Users/victorortiz/.rvm/gems/ruby-2.0.0-p353@rails3216/specifications/activemodel-3.2.13.gemspec
I, [2014-05-22T16:29:34.764320 #24935]  INFO -- : 0:  erubis (2.7.0) from /Users/victorortiz/.rvm/gems/ruby-2.0.0-p353@rails3216/specifications/erubis-2.7.0.gemspec
I, [2014-05-22T16:29:34.764595 #24935]  INFO -- : 0:  journey (1.0.4) from /Users/victorortiz/.rvm/gems/ruby-2.0.0-p353@rails3216/specifications/journey-1.0.4.gemspec
I, [2014-05-22T16:29:34.764876 #24935]  INFO -- : 0:  rack (1.4.5) from /Users/victorortiz/.rvm/gems/ruby-2.0.0-p353@rails3216/specifications/rack-1.4.5.gemspec
I, [2014-05-22T16:29:34.765164 #24935]  INFO -- : 0:  rack-cache (1.2) from /Users/victorortiz/.rvm/gems/ruby-2.0.0-p353@rails3216/specifications/rack-cache-1.2.gemspec
I, [2014-05-22T16:29:34.765418 #24935]  INFO -- : 0:  rack-test (0.6.2) from /Users/victorortiz/.rvm/gems/ruby-2.0.0-p353@rails3216/specifications/rack-test-0.6.2.gemspec
I, [2014-05-22T16:29:34.765692 #24935]  INFO -- : 0:  hike (1.2.3) from /Users/victorortiz/.rvm/gems/ruby-2.0.0-p353@rails3216/specifications/hike-1.2.3.gemspec
I, [2014-05-22T16:29:34.765950 #24935]  INFO -- : 0:  tilt (1.4.1) from /Users/victorortiz/.rvm/gems/ruby-2.0.0-p353@rails3216/specifications/tilt-1.4.1.gemspec
I, [2014-05-22T16:29:34.766223 #24935]  INFO -- : 0:  sprockets (2.2.2) from /Users/victorortiz/.rvm/gems/ruby-2.0.0-p353@rails3216/specifications/sprockets-2.2.2.gemspec
I, [2014-05-22T16:29:34.766496 #24935]  INFO -- : 0:  actionpack (3.2.13) from /Users/victorortiz/.rvm/gems/ruby-2.0.0-p353@rails3216/specifications/actionpack-3.2.13.gemspec
I, [2014-05-22T16:29:34.766777 #24935]  INFO -- : 0:  mime-types (1.25.1) from /Users/victorortiz/.rvm/gems/ruby-2.0.0-p353@rails3216/specifications/mime-types-1.25.1.gemspec
I, [2014-05-22T16:29:34.767046 #24935]  INFO -- : 0:  polyglot (0.3.4) from /Users/victorortiz/.rvm/gems/ruby-2.0.0-p353@rails3216/specifications/polyglot-0.3.4.gemspec
I, [2014-05-22T16:29:34.767321 #24935]  INFO -- : 0:  treetop (1.4.15) from /Users/victorortiz/.rvm/gems/ruby-2.0.0-p353@rails3216/specifications/treetop-1.4.15.gemspec
I, [2014-05-22T16:29:34.767603 #24935]  INFO -- : 0:  mail (2.5.4) from /Users/victorortiz/.rvm/gems/ruby-2.0.0-p353@rails3216/specifications/mail-2.5.4.gemspec
I, [2014-05-22T16:29:34.767856 #24935]  INFO -- : 0:  actionmailer (3.2.13) from /Users/victorortiz/.rvm/gems/ruby-2.0.0-p353@rails3216/specifications/actionmailer-3.2.13.gemspec
I, [2014-05-22T16:29:34.768136 #24935]  INFO -- : 0:  arel (3.0.3) from /Users/victorortiz/.rvm/gems/ruby-2.0.0-p353@rails3216/specifications/arel-3.0.3.gemspec
I, [2014-05-22T16:29:34.768411 #24935]  INFO -- : 0:  tzinfo (0.3.39) from /Users/victorortiz/.rvm/gems/ruby-2.0.0-p353@rails3216/specifications/tzinfo-0.3.39.gemspec
I, [2014-05-22T16:29:34.768683 #24935]  INFO -- : 0:  activerecord (3.2.13) from /Users/victorortiz/.rvm/gems/ruby-2.0.0-p353@rails3216/specifications/activerecord-3.2.13.gemspec
I, [2014-05-22T16:29:34.768957 #24935]  INFO -- : 0:  activeresource (3.2.13) from /Users/victorortiz/.rvm/gems/ruby-2.0.0-p353@rails3216/specifications/activeresource-3.2.13.gemspec
I, [2014-05-22T16:29:34.769207 #24935]  INFO -- : 0:  bcrypt-ruby (3.0.1) from /Users/victorortiz/.rvm/gems/ruby-2.0.0-p353@rails3216/specifications/bcrypt-ruby-3.0.1.gemspec
I, [2014-05-22T16:29:34.769481 #24935]  INFO -- : 0:  coffee-script-source (1.7.0) from /Users/victorortiz/.rvm/gems/ruby-2.0.0-p353@rails3216/specifications/coffee-script-source-1.7.0.gemspec
I, [2014-05-22T16:29:34.769752 #24935]  INFO -- : 0:  execjs (2.0.2) from /Users/victorortiz/.rvm/gems/ruby-2.0.0-p353@rails3216/specifications/execjs-2.0.2.gemspec
I, [2014-05-22T16:29:34.770025 #24935]  INFO -- : 0:  coffee-script (2.2.0) from /Users/victorortiz/.rvm/gems/ruby-2.0.0-p353@rails3216/specifications/coffee-script-2.2.0.gemspec
I, [2014-05-22T16:29:34.770290 #24935]  INFO -- : 0:  rack-ssl (1.3.3) from /Users/victorortiz/.rvm/gems/ruby-2.0.0-p353@rails3216/specifications/rack-ssl-1.3.3.gemspec
I, [2014-05-22T16:29:34.770545 #24935]  INFO -- : 0:  json (1.8.1) from /Users/victorortiz/.rvm/gems/ruby-2.0.0-p353@rails3216/specifications/json-1.8.1.gemspec
I, [2014-05-22T16:29:34.770829 #24935]  INFO -- : 0:  rdoc (3.12.2) from /Users/victorortiz/.rvm/gems/ruby-2.0.0-p353@rails3216/specifications/rdoc-3.12.2.gemspec
I, [2014-05-22T16:29:34.771113 #24935]  INFO -- : 0:  thor (0.18.1) from /Users/victorortiz/.rvm/gems/ruby-2.0.0-p353@rails3216/specifications/thor-0.18.1.gemspec
I, [2014-05-22T16:29:34.771421 #24935]  INFO -- : 0:  railties (3.2.13) from /Users/victorortiz/.rvm/gems/ruby-2.0.0-p353@rails3216/specifications/railties-3.2.13.gemspec
I, [2014-05-22T16:29:34.771674 #24935]  INFO -- : 0:  coffee-rails (3.2.2) from /Users/victorortiz/.rvm/gems/ruby-2.0.0-p353@rails3216/specifications/coffee-rails-3.2.2.gemspec
I, [2014-05-22T16:29:34.771952 #24935]  INFO -- : 0:  sass (3.3.0) from /Users/victorortiz/.rvm/gems/ruby-2.0.0-p353@rails3216/specifications/sass-3.3.0.gemspec
I, [2014-05-22T16:29:34.772223 #24935]  INFO -- : 0:  foundation-rails (5.2.0.0) from /Users/victorortiz/.rvm/gems/ruby-2.0.0-p353@rails3216/specifications/foundation-rails-5.2.0.0.gemspec
I, [2014-05-22T16:29:34.772463 #24935]  INFO -- : 0:  jquery-rails (3.1.0) from /Users/victorortiz/.rvm/gems/ruby-2.0.0-p353@rails3216/specifications/jquery-rails-3.1.0.gemspec
I, [2014-05-22T16:29:34.772710 #24935]  INFO -- : 0:  pdfkit (0.6.1) from /Users/victorortiz/.rvm/gems/ruby-2.0.0-p353@rails3216/specifications/pdfkit-0.6.1.gemspec
I, [2014-05-22T16:29:34.772971 #24935]  INFO -- : 0:  bundler (1.5.1) from /Users/victorortiz/.rvm/gems/ruby-2.0.0-p353@global/specifications/bundler-1.5.1.gemspec
I, [2014-05-22T16:29:34.773197 #24935]  INFO -- : 0:  rails (3.2.13) from /Users/victorortiz/.rvm/gems/ruby-2.0.0-p353@rails3216/specifications/rails-3.2.13.gemspec
I, [2014-05-22T16:29:34.773431 #24935]  INFO -- : 0:  sass-rails (3.2.6) from /Users/victorortiz/.rvm/gems/ruby-2.0.0-p353@rails3216/specifications/sass-rails-3.2.6.gemspec
I, [2014-05-22T16:29:34.773692 #24935]  INFO -- : 0:  sqlite3 (1.3.9) from /Users/victorortiz/.rvm/gems/ruby-2.0.0-p353@rails3216/specifications/sqlite3-1.3.9.gemspec
I, [2014-05-22T16:29:34.773972 #24935]  INFO -- : 0:  uglifier (2.4.0) from /Users/victorortiz/.rvm/gems/ruby-2.0.0-p353@rails3216/specifications/uglifier-2.4.0.gemspec
I, [2014-05-22T16:29:34.774235 #24935]  INFO -- : 0:  wkhtmltopdf-binary (0.9.9.1) from /Users/victorortiz/.rvm/gems/ruby-2.0.0-p353@rails3216/specifications/wkhtmltopdf-binary-0.9.9.1.gemspec
I, [2014-05-22T16:52:05.080760 #25102]  INFO -- : 0:  rake (10.1.1) from /Users/victorortiz/.rvm/gems/ruby-2.0.0-p353@rails3216/specifications/rake-10.1.1.gemspec
I, [2014-05-22T16:52:05.081495 #25102]  INFO -- : 0:  i18n (0.6.1) from /Users/victorortiz/.rvm/gems/ruby-2.0.0-p353@rails3216/specifications/i18n-0.6.1.gemspec
I, [2014-05-22T16:52:05.081722 #25102]  INFO -- : 0:  multi_json (1.9.0) from /Users/victorortiz/.rvm/gems/ruby-2.0.0-p353@rails3216/specifications/multi_json-1.9.0.gemspec
I, [2014-05-22T16:52:05.081938 #25102]  INFO -- : 0:  activesupport (3.2.13) from /Users/victorortiz/.rvm/gems/ruby-2.0.0-p353@rails3216/specifications/activesupport-3.2.13.gemspec
I, [2014-05-22T16:52:05.082146 #25102]  INFO -- : 0:  builder (3.0.4) from /Users/victorortiz/.rvm/gems/ruby-2.0.0-p353@rails3216/specifications/builder-3.0.4.gemspec
I, [2014-05-22T16:52:05.082356 #25102]  INFO -- : 0:  activemodel (3.2.13) from /Users/victorortiz/.rvm/gems/ruby-2.0.0-p353@rails3216/specifications/activemodel-3.2.13.gemspec
I, [2014-05-22T16:52:05.082557 #25102]  INFO -- : 0:  erubis (2.7.0) from /Users/victorortiz/.rvm/gems/ruby-2.0.0-p353@rails3216/specifications/erubis-2.7.0.gemspec
I, [2014-05-22T16:52:05.082758 #25102]  INFO -- : 0:  journey (1.0.4) from /Users/victorortiz/.rvm/gems/ruby-2.0.0-p353@rails3216/specifications/journey-1.0.4.gemspec
I, [2014-05-22T16:52:05.082964 #25102]  INFO -- : 0:  rack (1.4.5) from /Users/victorortiz/.rvm/gems/ruby-2.0.0-p353@rails3216/specifications/rack-1.4.5.gemspec
I, [2014-05-22T16:52:05.083167 #25102]  INFO -- : 0:  rack-cache (1.2) from /Users/victorortiz/.rvm/gems/ruby-2.0.0-p353@rails3216/specifications/rack-cache-1.2.gemspec
I, [2014-05-22T16:52:05.083387 #25102]  INFO -- : 0:  rack-test (0.6.2) from /Users/victorortiz/.rvm/gems/ruby-2.0.0-p353@rails3216/specifications/rack-test-0.6.2.gemspec
I, [2014-05-22T16:52:05.083632 #25102]  INFO -- : 0:  hike (1.2.3) from /Users/victorortiz/.rvm/gems/ruby-2.0.0-p353@rails3216/specifications/hike-1.2.3.gemspec
I, [2014-05-22T16:52:05.083838 #25102]  INFO -- : 0:  tilt (1.4.1) from /Users/victorortiz/.rvm/gems/ruby-2.0.0-p353@rails3216/specifications/tilt-1.4.1.gemspec
I, [2014-05-22T16:52:05.084050 #25102]  INFO -- : 0:  sprockets (2.2.2) from /Users/victorortiz/.rvm/gems/ruby-2.0.0-p353@rails3216/specifications/sprockets-2.2.2.gemspec
I, [2014-05-22T16:52:05.084262 #25102]  INFO -- : 0:  actionpack (3.2.13) from /Users/victorortiz/.rvm/gems/ruby-2.0.0-p353@rails3216/specifications/actionpack-3.2.13.gemspec
I, [2014-05-22T16:52:05.084478 #25102]  INFO -- : 0:  mime-types (1.25.1) from /Users/victorortiz/.rvm/gems/ruby-2.0.0-p353@rails3216/specifications/mime-types-1.25.1.gemspec
I, [2014-05-22T16:52:05.084744 #25102]  INFO -- : 0:  polyglot (0.3.4) from /Users/victorortiz/.rvm/gems/ruby-2.0.0-p353@rails3216/specifications/polyglot-0.3.4.gemspec
I, [2014-05-22T16:52:05.085032 #25102]  INFO -- : 0:  treetop (1.4.15) from /Users/victorortiz/.rvm/gems/ruby-2.0.0-p353@rails3216/specifications/treetop-1.4.15.gemspec
I, [2014-05-22T16:52:05.085248 #25102]  INFO -- : 0:  mail (2.5.4) from /Users/victorortiz/.rvm/gems/ruby-2.0.0-p353@rails3216/specifications/mail-2.5.4.gemspec
I, [2014-05-22T16:52:05.085467 #25102]  INFO -- : 0:  actionmailer (3.2.13) from /Users/victorortiz/.rvm/gems/ruby-2.0.0-p353@rails3216/specifications/actionmailer-3.2.13.gemspec
I, [2014-05-22T16:52:05.085680 #25102]  INFO -- : 0:  arel (3.0.3) from /Users/victorortiz/.rvm/gems/ruby-2.0.0-p353@rails3216/specifications/arel-3.0.3.gemspec
I, [2014-05-22T16:52:05.085889 #25102]  INFO -- : 0:  tzinfo (0.3.39) from /Users/victorortiz/.rvm/gems/ruby-2.0.0-p353@rails3216/specifications/tzinfo-0.3.39.gemspec
I, [2014-05-22T16:52:05.086117 #25102]  INFO -- : 0:  activerecord (3.2.13) from /Users/victorortiz/.rvm/gems/ruby-2.0.0-p353@rails3216/specifications/activerecord-3.2.13.gemspec
I, [2014-05-22T16:52:05.086329 #25102]  INFO -- : 0:  activeresource (3.2.13) from /Users/victorortiz/.rvm/gems/ruby-2.0.0-p353@rails3216/specifications/activeresource-3.2.13.gemspec
I, [2014-05-22T16:52:05.086540 #25102]  INFO -- : 0:  bcrypt-ruby (3.0.1) from /Users/victorortiz/.rvm/gems/ruby-2.0.0-p353@rails3216/specifications/bcrypt-ruby-3.0.1.gemspec
I, [2014-05-22T16:52:05.086757 #25102]  INFO -- : 0:  coffee-script-source (1.7.0) from /Users/victorortiz/.rvm/gems/ruby-2.0.0-p353@rails3216/specifications/coffee-script-source-1.7.0.gemspec
I, [2014-05-22T16:52:05.086972 #25102]  INFO -- : 0:  execjs (2.0.2) from /Users/victorortiz/.rvm/gems/ruby-2.0.0-p353@rails3216/specifications/execjs-2.0.2.gemspec
I, [2014-05-22T16:52:05.087180 #25102]  INFO -- : 0:  coffee-script (2.2.0) from /Users/victorortiz/.rvm/gems/ruby-2.0.0-p353@rails3216/specifications/coffee-script-2.2.0.gemspec
I, [2014-05-22T16:52:05.087404 #25102]  INFO -- : 0:  rack-ssl (1.3.3) from /Users/victorortiz/.rvm/gems/ruby-2.0.0-p353@rails3216/specifications/rack-ssl-1.3.3.gemspec
I, [2014-05-22T16:52:05.087615 #25102]  INFO -- : 0:  json (1.8.1) from /Users/victorortiz/.rvm/gems/ruby-2.0.0-p353@rails3216/specifications/json-1.8.1.gemspec
I, [2014-05-22T16:52:05.087826 #25102]  INFO -- : 0:  rdoc (3.12.2) from /Users/victorortiz/.rvm/gems/ruby-2.0.0-p353@rails3216/specifications/rdoc-3.12.2.gemspec
I, [2014-05-22T16:52:05.088036 #25102]  INFO -- : 0:  thor (0.18.1) from /Users/victorortiz/.rvm/gems/ruby-2.0.0-p353@rails3216/specifications/thor-0.18.1.gemspec
I, [2014-05-22T16:52:05.088308 #25102]  INFO -- : 0:  railties (3.2.13) from /Users/victorortiz/.rvm/gems/ruby-2.0.0-p353@rails3216/specifications/railties-3.2.13.gemspec
I, [2014-05-22T16:52:05.088513 #25102]  INFO -- : 0:  coffee-rails (3.2.2) from /Users/victorortiz/.rvm/gems/ruby-2.0.0-p353@rails3216/specifications/coffee-rails-3.2.2.gemspec
I, [2014-05-22T16:52:05.088725 #25102]  INFO -- : 0:  sass (3.3.0) from /Users/victorortiz/.rvm/gems/ruby-2.0.0-p353@rails3216/specifications/sass-3.3.0.gemspec
I, [2014-05-22T16:52:05.088929 #25102]  INFO -- : 0:  foundation-rails (5.2.0.0) from /Users/victorortiz/.rvm/gems/ruby-2.0.0-p353@rails3216/specifications/foundation-rails-5.2.0.0.gemspec
I, [2014-05-22T16:52:05.089142 #25102]  INFO -- : 0:  jquery-rails (3.1.0) from /Users/victorortiz/.rvm/gems/ruby-2.0.0-p353@rails3216/specifications/jquery-rails-3.1.0.gemspec
I, [2014-05-22T16:52:05.089343 #25102]  INFO -- : 0:  pdfkit (0.6.1) from /Users/victorortiz/.rvm/gems/ruby-2.0.0-p353@rails3216/specifications/pdfkit-0.6.1.gemspec
I, [2014-05-22T16:52:05.089539 #25102]  INFO -- : 0:  bundler (1.5.1) from /Users/victorortiz/.rvm/gems/ruby-2.0.0-p353@global/specifications/bundler-1.5.1.gemspec
I, [2014-05-22T16:52:05.089746 #25102]  INFO -- : 0:  rails (3.2.13) from /Users/victorortiz/.rvm/gems/ruby-2.0.0-p353@rails3216/specifications/rails-3.2.13.gemspec
I, [2014-05-22T16:52:05.089958 #25102]  INFO -- : 0:  sass-rails (3.2.6) from /Users/victorortiz/.rvm/gems/ruby-2.0.0-p353@rails3216/specifications/sass-rails-3.2.6.gemspec
I, [2014-05-22T16:52:05.090174 #25102]  INFO -- : 0:  sqlite3 (1.3.9) from /Users/victorortiz/.rvm/gems/ruby-2.0.0-p353@rails3216/specifications/sqlite3-1.3.9.gemspec
I, [2014-05-22T16:52:05.090388 #25102]  INFO -- : 0:  uglifier (2.4.0) from /Users/victorortiz/.rvm/gems/ruby-2.0.0-p353@rails3216/specifications/uglifier-2.4.0.gemspec
I, [2014-05-22T16:52:05.090591 #25102]  INFO -- : 0:  wkhtmltopdf-binary (0.9.9.1) from /Users/victorortiz/.rvm/gems/ruby-2.0.0-p353@rails3216/specifications/wkhtmltopdf-binary-0.9.9.1.gemspec
I, [2014-05-22T17:07:38.783607 #25161]  INFO -- : 0:  rake (10.1.1) from /Users/victorortiz/.rvm/gems/ruby-2.0.0-p353@rails3216/specifications/rake-10.1.1.gemspec
I, [2014-05-22T17:07:38.783947 #25161]  INFO -- : 0:  i18n (0.6.1) from /Users/victorortiz/.rvm/gems/ruby-2.0.0-p353@rails3216/specifications/i18n-0.6.1.gemspec
I, [2014-05-22T17:07:38.784281 #25161]  INFO -- : 0:  multi_json (1.9.0) from /Users/victorortiz/.rvm/gems/ruby-2.0.0-p353@rails3216/specifications/multi_json-1.9.0.gemspec
I, [2014-05-22T17:07:38.784564 #25161]  INFO -- : 0:  activesupport (3.2.13) from /Users/victorortiz/.rvm/gems/ruby-2.0.0-p353@rails3216/specifications/activesupport-3.2.13.gemspec
I, [2014-05-22T17:07:38.784851 #25161]  INFO -- : 0:  builder (3.0.4) from /Users/victorortiz/.rvm/gems/ruby-2.0.0-p353@rails3216/specifications/builder-3.0.4.gemspec
I, [2014-05-22T17:07:38.785121 #25161]  INFO -- : 0:  activemodel (3.2.13) from /Users/victorortiz/.rvm/gems/ruby-2.0.0-p353@rails3216/specifications/activemodel-3.2.13.gemspec
I, [2014-05-22T17:07:38.785387 #25161]  INFO -- : 0:  erubis (2.7.0) from /Users/victorortiz/.rvm/gems/ruby-2.0.0-p353@rails3216/specifications/erubis-2.7.0.gemspec
I, [2014-05-22T17:07:38.785646 #25161]  INFO -- : 0:  journey (1.0.4) from /Users/victorortiz/.rvm/gems/ruby-2.0.0-p353@rails3216/specifications/journey-1.0.4.gemspec
I, [2014-05-22T17:07:38.785917 #25161]  INFO -- : 0:  rack (1.4.5) from /Users/victorortiz/.rvm/gems/ruby-2.0.0-p353@rails3216/specifications/rack-1.4.5.gemspec
I, [2014-05-22T17:07:38.786177 #25161]  INFO -- : 0:  rack-cache (1.2) from /Users/victorortiz/.rvm/gems/ruby-2.0.0-p353@rails3216/specifications/rack-cache-1.2.gemspec
I, [2014-05-22T17:07:38.786440 #25161]  INFO -- : 0:  rack-test (0.6.2) from /Users/victorortiz/.rvm/gems/ruby-2.0.0-p353@rails3216/specifications/rack-test-0.6.2.gemspec
I, [2014-05-22T17:07:38.786703 #25161]  INFO -- : 0:  hike (1.2.3) from /Users/victorortiz/.rvm/gems/ruby-2.0.0-p353@rails3216/specifications/hike-1.2.3.gemspec
I, [2014-05-22T17:07:38.786966 #25161]  INFO -- : 0:  tilt (1.4.1) from /Users/victorortiz/.rvm/gems/ruby-2.0.0-p353@rails3216/specifications/tilt-1.4.1.gemspec
I, [2014-05-22T17:07:38.787232 #25161]  INFO -- : 0:  sprockets (2.2.2) from /Users/victorortiz/.rvm/gems/ruby-2.0.0-p353@rails3216/specifications/sprockets-2.2.2.gemspec
I, [2014-05-22T17:07:38.787493 #25161]  INFO -- : 0:  actionpack (3.2.13) from /Users/victorortiz/.rvm/gems/ruby-2.0.0-p353@rails3216/specifications/actionpack-3.2.13.gemspec
I, [2014-05-22T17:07:38.787760 #25161]  INFO -- : 0:  mime-types (1.25.1) from /Users/victorortiz/.rvm/gems/ruby-2.0.0-p353@rails3216/specifications/mime-types-1.25.1.gemspec
I, [2014-05-22T17:07:38.788017 #25161]  INFO -- : 0:  polyglot (0.3.4) from /Users/victorortiz/.rvm/gems/ruby-2.0.0-p353@rails3216/specifications/polyglot-0.3.4.gemspec
I, [2014-05-22T17:07:38.788280 #25161]  INFO -- : 0:  treetop (1.4.15) from /Users/victorortiz/.rvm/gems/ruby-2.0.0-p353@rails3216/specifications/treetop-1.4.15.gemspec
I, [2014-05-22T17:07:38.788574 #25161]  INFO -- : 0:  mail (2.5.4) from /Users/victorortiz/.rvm/gems/ruby-2.0.0-p353@rails3216/specifications/mail-2.5.4.gemspec
I, [2014-05-22T17:07:38.788834 #25161]  INFO -- : 0:  actionmailer (3.2.13) from /Users/victorortiz/.rvm/gems/ruby-2.0.0-p353@rails3216/specifications/actionmailer-3.2.13.gemspec
I, [2014-05-22T17:07:38.789052 #25161]  INFO -- : 0:  arel (3.0.3) from /Users/victorortiz/.rvm/gems/ruby-2.0.0-p353@rails3216/specifications/arel-3.0.3.gemspec
I, [2014-05-22T17:07:38.789282 #25161]  INFO -- : 0:  tzinfo (0.3.39) from /Users/victorortiz/.rvm/gems/ruby-2.0.0-p353@rails3216/specifications/tzinfo-0.3.39.gemspec
I, [2014-05-22T17:07:38.789507 #25161]  INFO -- : 0:  activerecord (3.2.13) from /Users/victorortiz/.rvm/gems/ruby-2.0.0-p353@rails3216/specifications/activerecord-3.2.13.gemspec
I, [2014-05-22T17:07:38.789729 #25161]  INFO -- : 0:  activeresource (3.2.13) from /Users/victorortiz/.rvm/gems/ruby-2.0.0-p353@rails3216/specifications/activeresource-3.2.13.gemspec
I, [2014-05-22T17:07:38.789940 #25161]  INFO -- : 0:  bcrypt-ruby (3.0.1) from /Users/victorortiz/.rvm/gems/ruby-2.0.0-p353@rails3216/specifications/bcrypt-ruby-3.0.1.gemspec
I, [2014-05-22T17:07:38.790166 #25161]  INFO -- : 0:  coffee-script-source (1.7.0) from /Users/victorortiz/.rvm/gems/ruby-2.0.0-p353@rails3216/specifications/coffee-script-source-1.7.0.gemspec
I, [2014-05-22T17:07:38.790397 #25161]  INFO -- : 0:  execjs (2.0.2) from /Users/victorortiz/.rvm/gems/ruby-2.0.0-p353@rails3216/specifications/execjs-2.0.2.gemspec
I, [2014-05-22T17:07:38.790605 #25161]  INFO -- : 0:  coffee-script (2.2.0) from /Users/victorortiz/.rvm/gems/ruby-2.0.0-p353@rails3216/specifications/coffee-script-2.2.0.gemspec
I, [2014-05-22T17:07:38.790817 #25161]  INFO -- : 0:  rack-ssl (1.3.3) from /Users/victorortiz/.rvm/gems/ruby-2.0.0-p353@rails3216/specifications/rack-ssl-1.3.3.gemspec
I, [2014-05-22T17:07:38.791081 #25161]  INFO -- : 0:  json (1.8.1) from /Users/victorortiz/.rvm/gems/ruby-2.0.0-p353@rails3216/specifications/json-1.8.1.gemspec
I, [2014-05-22T17:07:38.791297 #25161]  INFO -- : 0:  rdoc (3.12.2) from /Users/victorortiz/.rvm/gems/ruby-2.0.0-p353@rails3216/specifications/rdoc-3.12.2.gemspec
I, [2014-05-22T17:07:38.791520 #25161]  INFO -- : 0:  thor (0.18.1) from /Users/victorortiz/.rvm/gems/ruby-2.0.0-p353@rails3216/specifications/thor-0.18.1.gemspec
I, [2014-05-22T17:07:38.791733 #25161]  INFO -- : 0:  railties (3.2.13) from /Users/victorortiz/.rvm/gems/ruby-2.0.0-p353@rails3216/specifications/railties-3.2.13.gemspec
I, [2014-05-22T17:07:38.791941 #25161]  INFO -- : 0:  coffee-rails (3.2.2) from /Users/victorortiz/.rvm/gems/ruby-2.0.0-p353@rails3216/specifications/coffee-rails-3.2.2.gemspec
I, [2014-05-22T17:07:38.792310 #25161]  INFO -- : 0:  sass (3.3.0) from /Users/victorortiz/.rvm/gems/ruby-2.0.0-p353@rails3216/specifications/sass-3.3.0.gemspec
I, [2014-05-22T17:07:38.792692 #25161]  INFO -- : 0:  foundation-rails (5.2.0.0) from /Users/victorortiz/.rvm/gems/ruby-2.0.0-p353@rails3216/specifications/foundation-rails-5.2.0.0.gemspec
I, [2014-05-22T17:07:38.793072 #25161]  INFO -- : 0:  jquery-rails (3.1.0) from /Users/victorortiz/.rvm/gems/ruby-2.0.0-p353@rails3216/specifications/jquery-rails-3.1.0.gemspec
I, [2014-05-22T17:07:38.793442 #25161]  INFO -- : 0:  pdfkit (0.6.1) from /Users/victorortiz/.rvm/gems/ruby-2.0.0-p353@rails3216/specifications/pdfkit-0.6.1.gemspec
I, [2014-05-22T17:07:38.793730 #25161]  INFO -- : 0:  bundler (1.5.1) from /Users/victorortiz/.rvm/gems/ruby-2.0.0-p353@global/specifications/bundler-1.5.1.gemspec
I, [2014-05-22T17:07:38.794085 #25161]  INFO -- : 0:  rails (3.2.13) from /Users/victorortiz/.rvm/gems/ruby-2.0.0-p353@rails3216/specifications/rails-3.2.13.gemspec
I, [2014-05-22T17:07:38.794396 #25161]  INFO -- : 0:  sass-rails (3.2.6) from /Users/victorortiz/.rvm/gems/ruby-2.0.0-p353@rails3216/specifications/sass-rails-3.2.6.gemspec
I, [2014-05-22T17:07:38.794704 #25161]  INFO -- : 0:  sqlite3 (1.3.9) from /Users/victorortiz/.rvm/gems/ruby-2.0.0-p353@rails3216/specifications/sqlite3-1.3.9.gemspec
I, [2014-05-22T17:07:38.795013 #25161]  INFO -- : 0:  uglifier (2.4.0) from /Users/victorortiz/.rvm/gems/ruby-2.0.0-p353@rails3216/specifications/uglifier-2.4.0.gemspec
I, [2014-05-22T17:07:38.795312 #25161]  INFO -- : 0:  wkhtmltopdf-binary (0.9.9.1) from /Users/victorortiz/.rvm/gems/ruby-2.0.0-p353@rails3216/specifications/wkhtmltopdf-binary-0.9.9.1.gemspec
I, [2014-05-22T17:13:09.390090 #25193]  INFO -- : 0:  rake (10.1.1) from /Users/victorortiz/.rvm/gems/ruby-2.0.0-p353@rails3216/specifications/rake-10.1.1.gemspec
I, [2014-05-22T17:13:09.390942 #25193]  INFO -- : 0:  i18n (0.6.1) from /Users/victorortiz/.rvm/gems/ruby-2.0.0-p353@rails3216/specifications/i18n-0.6.1.gemspec
I, [2014-05-22T17:13:09.391212 #25193]  INFO -- : 0:  multi_json (1.9.0) from /Users/victorortiz/.rvm/gems/ruby-2.0.0-p353@rails3216/specifications/multi_json-1.9.0.gemspec
I, [2014-05-22T17:13:09.391451 #25193]  INFO -- : 0:  activesupport (3.2.13) from /Users/victorortiz/.rvm/gems/ruby-2.0.0-p353@rails3216/specifications/activesupport-3.2.13.gemspec
I, [2014-05-22T17:13:09.391690 #25193]  INFO -- : 0:  builder (3.0.4) from /Users/victorortiz/.rvm/gems/ruby-2.0.0-p353@rails3216/specifications/builder-3.0.4.gemspec
I, [2014-05-22T17:13:09.391909 #25193]  INFO -- : 0:  activemodel (3.2.13) from /Users/victorortiz/.rvm/gems/ruby-2.0.0-p353@rails3216/specifications/activemodel-3.2.13.gemspec
I, [2014-05-22T17:13:09.392137 #25193]  INFO -- : 0:  erubis (2.7.0) from /Users/victorortiz/.rvm/gems/ruby-2.0.0-p353@rails3216/specifications/erubis-2.7.0.gemspec
I, [2014-05-22T17:13:09.392346 #25193]  INFO -- : 0:  journey (1.0.4) from /Users/victorortiz/.rvm/gems/ruby-2.0.0-p353@rails3216/specifications/journey-1.0.4.gemspec
I, [2014-05-22T17:13:09.392561 #25193]  INFO -- : 0:  rack (1.4.5) from /Users/victorortiz/.rvm/gems/ruby-2.0.0-p353@rails3216/specifications/rack-1.4.5.gemspec
I, [2014-05-22T17:13:09.392769 #25193]  INFO -- : 0:  rack-cache (1.2) from /Users/victorortiz/.rvm/gems/ruby-2.0.0-p353@rails3216/specifications/rack-cache-1.2.gemspec
I, [2014-05-22T17:13:09.392978 #25193]  INFO -- : 0:  rack-test (0.6.2) from /Users/victorortiz/.rvm/gems/ruby-2.0.0-p353@rails3216/specifications/rack-test-0.6.2.gemspec
I, [2014-05-22T17:13:09.393187 #25193]  INFO -- : 0:  hike (1.2.3) from /Users/victorortiz/.rvm/gems/ruby-2.0.0-p353@rails3216/specifications/hike-1.2.3.gemspec
I, [2014-05-22T17:13:09.393456 #25193]  INFO -- : 0:  tilt (1.4.1) from /Users/victorortiz/.rvm/gems/ruby-2.0.0-p353@rails3216/specifications/tilt-1.4.1.gemspec
I, [2014-05-22T17:13:09.393706 #25193]  INFO -- : 0:  sprockets (2.2.2) from /Users/victorortiz/.rvm/gems/ruby-2.0.0-p353@rails3216/specifications/sprockets-2.2.2.gemspec
I, [2014-05-22T17:13:09.393928 #25193]  INFO -- : 0:  actionpack (3.2.13) from /Users/victorortiz/.rvm/gems/ruby-2.0.0-p353@rails3216/specifications/actionpack-3.2.13.gemspec
I, [2014-05-22T17:13:09.394205 #25193]  INFO -- : 0:  mime-types (1.25.1) from /Users/victorortiz/.rvm/gems/ruby-2.0.0-p353@rails3216/specifications/mime-types-1.25.1.gemspec
I, [2014-05-22T17:13:09.394417 #25193]  INFO -- : 0:  polyglot (0.3.4) from /Users/victorortiz/.rvm/gems/ruby-2.0.0-p353@rails3216/specifications/polyglot-0.3.4.gemspec
I, [2014-05-22T17:13:09.394628 #25193]  INFO -- : 0:  treetop (1.4.15) from /Users/victorortiz/.rvm/gems/ruby-2.0.0-p353@rails3216/specifications/treetop-1.4.15.gemspec
I, [2014-05-22T17:13:09.394838 #25193]  INFO -- : 0:  mail (2.5.4) from /Users/victorortiz/.rvm/gems/ruby-2.0.0-p353@rails3216/specifications/mail-2.5.4.gemspec
I, [2014-05-22T17:13:09.395045 #25193]  INFO -- : 0:  actionmailer (3.2.13) from /Users/victorortiz/.rvm/gems/ruby-2.0.0-p353@rails3216/specifications/actionmailer-3.2.13.gemspec
I, [2014-05-22T17:13:09.395256 #25193]  INFO -- : 0:  arel (3.0.3) from /Users/victorortiz/.rvm/gems/ruby-2.0.0-p353@rails3216/specifications/arel-3.0.3.gemspec
I, [2014-05-22T17:13:09.395468 #25193]  INFO -- : 0:  tzinfo (0.3.39) from /Users/victorortiz/.rvm/gems/ruby-2.0.0-p353@rails3216/specifications/tzinfo-0.3.39.gemspec
I, [2014-05-22T17:13:09.395677 #25193]  INFO -- : 0:  activerecord (3.2.13) from /Users/victorortiz/.rvm/gems/ruby-2.0.0-p353@rails3216/specifications/activerecord-3.2.13.gemspec
I, [2014-05-22T17:13:09.395893 #25193]  INFO -- : 0:  activeresource (3.2.13) from /Users/victorortiz/.rvm/gems/ruby-2.0.0-p353@rails3216/specifications/activeresource-3.2.13.gemspec
I, [2014-05-22T17:13:09.396101 #25193]  INFO -- : 0:  bcrypt-ruby (3.0.1) from /Users/victorortiz/.rvm/gems/ruby-2.0.0-p353@rails3216/specifications/bcrypt-ruby-3.0.1.gemspec
I, [2014-05-22T17:13:09.396320 #25193]  INFO -- : 0:  coffee-script-source (1.7.0) from /Users/victorortiz/.rvm/gems/ruby-2.0.0-p353@rails3216/specifications/coffee-script-source-1.7.0.gemspec
I, [2014-05-22T17:13:09.396534 #25193]  INFO -- : 0:  execjs (2.0.2) from /Users/victorortiz/.rvm/gems/ruby-2.0.0-p353@rails3216/specifications/execjs-2.0.2.gemspec
I, [2014-05-22T17:13:09.396741 #25193]  INFO -- : 0:  coffee-script (2.2.0) from /Users/victorortiz/.rvm/gems/ruby-2.0.0-p353@rails3216/specifications/coffee-script-2.2.0.gemspec
I, [2014-05-22T17:13:09.396952 #25193]  INFO -- : 0:  rack-ssl (1.3.3) from /Users/victorortiz/.rvm/gems/ruby-2.0.0-p353@rails3216/specifications/rack-ssl-1.3.3.gemspec
I, [2014-05-22T17:13:09.397164 #25193]  INFO -- : 0:  json (1.8.1) from /Users/victorortiz/.rvm/gems/ruby-2.0.0-p353@rails3216/specifications/json-1.8.1.gemspec
I, [2014-05-22T17:13:09.397385 #25193]  INFO -- : 0:  rdoc (3.12.2) from /Users/victorortiz/.rvm/gems/ruby-2.0.0-p353@rails3216/specifications/rdoc-3.12.2.gemspec
I, [2014-05-22T17:13:09.397592 #25193]  INFO -- : 0:  thor (0.18.1) from /Users/victorortiz/.rvm/gems/ruby-2.0.0-p353@rails3216/specifications/thor-0.18.1.gemspec
I, [2014-05-22T17:13:09.397800 #25193]  INFO -- : 0:  railties (3.2.13) from /Users/victorortiz/.rvm/gems/ruby-2.0.0-p353@rails3216/specifications/railties-3.2.13.gemspec
I, [2014-05-22T17:13:09.398006 #25193]  INFO -- : 0:  coffee-rails (3.2.2) from /Users/victorortiz/.rvm/gems/ruby-2.0.0-p353@rails3216/specifications/coffee-rails-3.2.2.gemspec
I, [2014-05-22T17:13:09.398219 #25193]  INFO -- : 0:  sass (3.3.0) from /Users/victorortiz/.rvm/gems/ruby-2.0.0-p353@rails3216/specifications/sass-3.3.0.gemspec
I, [2014-05-22T17:13:09.398479 #25193]  INFO -- : 0:  foundation-rails (5.2.0.0) from /Users/victorortiz/.rvm/gems/ruby-2.0.0-p353@rails3216/specifications/foundation-rails-5.2.0.0.gemspec
I, [2014-05-22T17:13:09.398692 #25193]  INFO -- : 0:  jquery-rails (3.1.0) from /Users/victorortiz/.rvm/gems/ruby-2.0.0-p353@rails3216/specifications/jquery-rails-3.1.0.gemspec
I, [2014-05-22T17:13:09.398896 #25193]  INFO -- : 0:  pdfkit (0.6.1) from /Users/victorortiz/.rvm/gems/ruby-2.0.0-p353@rails3216/specifications/pdfkit-0.6.1.gemspec
I, [2014-05-22T17:13:09.399120 #25193]  INFO -- : 0:  bundler (1.5.1) from /Users/victorortiz/.rvm/gems/ruby-2.0.0-p353@global/specifications/bundler-1.5.1.gemspec
I, [2014-05-22T17:13:09.399326 #25193]  INFO -- : 0:  rails (3.2.13) from /Users/victorortiz/.rvm/gems/ruby-2.0.0-p353@rails3216/specifications/rails-3.2.13.gemspec
I, [2014-05-22T17:13:09.399540 #25193]  INFO -- : 0:  sass-rails (3.2.6) from /Users/victorortiz/.rvm/gems/ruby-2.0.0-p353@rails3216/specifications/sass-rails-3.2.6.gemspec
I, [2014-05-22T17:13:09.399751 #25193]  INFO -- : 0:  sqlite3 (1.3.9) from /Users/victorortiz/.rvm/gems/ruby-2.0.0-p353@rails3216/specifications/sqlite3-1.3.9.gemspec
I, [2014-05-22T17:13:09.400006 #25193]  INFO -- : 0:  uglifier (2.4.0) from /Users/victorortiz/.rvm/gems/ruby-2.0.0-p353@rails3216/specifications/uglifier-2.4.0.gemspec
I, [2014-05-22T17:13:09.400222 #25193]  INFO -- : 0:  wkhtmltopdf-binary (0.9.9.1) from /Users/victorortiz/.rvm/gems/ruby-2.0.0-p353@rails3216/specifications/wkhtmltopdf-binary-0.9.9.1.gemspec
I, [2014-05-22T17:15:02.201293 #25203]  INFO -- : 0:  rake (10.1.1) from /Users/victorortiz/.rvm/gems/ruby-2.0.0-p353@rails3216/specifications/rake-10.1.1.gemspec
I, [2014-05-22T17:15:02.202099 #25203]  INFO -- : 0:  i18n (0.6.1) from /Users/victorortiz/.rvm/gems/ruby-2.0.0-p353@rails3216/specifications/i18n-0.6.1.gemspec
I, [2014-05-22T17:15:02.202427 #25203]  INFO -- : 0:  multi_json (1.9.0) from /Users/victorortiz/.rvm/gems/ruby-2.0.0-p353@rails3216/specifications/multi_json-1.9.0.gemspec
I, [2014-05-22T17:15:02.202712 #25203]  INFO -- : 0:  activesupport (3.2.13) from /Users/victorortiz/.rvm/gems/ruby-2.0.0-p353@rails3216/specifications/activesupport-3.2.13.gemspec
I, [2014-05-22T17:15:02.202993 #25203]  INFO -- : 0:  builder (3.0.4) from /Users/victorortiz/.rvm/gems/ruby-2.0.0-p353@rails3216/specifications/builder-3.0.4.gemspec
I, [2014-05-22T17:15:02.203261 #25203]  INFO -- : 0:  activemodel (3.2.13) from /Users/victorortiz/.rvm/gems/ruby-2.0.0-p353@rails3216/specifications/activemodel-3.2.13.gemspec
I, [2014-05-22T17:15:02.203518 #25203]  INFO -- : 0:  erubis (2.7.0) from /Users/victorortiz/.rvm/gems/ruby-2.0.0-p353@rails3216/specifications/erubis-2.7.0.gemspec
I, [2014-05-22T17:15:02.203773 #25203]  INFO -- : 0:  journey (1.0.4) from /Users/victorortiz/.rvm/gems/ruby-2.0.0-p353@rails3216/specifications/journey-1.0.4.gemspec
I, [2014-05-22T17:15:02.204035 #25203]  INFO -- : 0:  rack (1.4.5) from /Users/victorortiz/.rvm/gems/ruby-2.0.0-p353@rails3216/specifications/rack-1.4.5.gemspec
I, [2014-05-22T17:15:02.204293 #25203]  INFO -- : 0:  rack-cache (1.2) from /Users/victorortiz/.rvm/gems/ruby-2.0.0-p353@rails3216/specifications/rack-cache-1.2.gemspec
I, [2014-05-22T17:15:02.204562 #25203]  INFO -- : 0:  rack-test (0.6.2) from /Users/victorortiz/.rvm/gems/ruby-2.0.0-p353@rails3216/specifications/rack-test-0.6.2.gemspec
I, [2014-05-22T17:15:02.204822 #25203]  INFO -- : 0:  hike (1.2.3) from /Users/victorortiz/.rvm/gems/ruby-2.0.0-p353@rails3216/specifications/hike-1.2.3.gemspec
I, [2014-05-22T17:15:02.205079 #25203]  INFO -- : 0:  tilt (1.4.1) from /Users/victorortiz/.rvm/gems/ruby-2.0.0-p353@rails3216/specifications/tilt-1.4.1.gemspec
I, [2014-05-22T17:15:02.205339 #25203]  INFO -- : 0:  sprockets (2.2.2) from /Users/victorortiz/.rvm/gems/ruby-2.0.0-p353@rails3216/specifications/sprockets-2.2.2.gemspec
I, [2014-05-22T17:15:02.205632 #25203]  INFO -- : 0:  actionpack (3.2.13) from /Users/victorortiz/.rvm/gems/ruby-2.0.0-p353@rails3216/specifications/actionpack-3.2.13.gemspec
I, [2014-05-22T17:15:02.205876 #25203]  INFO -- : 0:  mime-types (1.25.1) from /Users/victorortiz/.rvm/gems/ruby-2.0.0-p353@rails3216/specifications/mime-types-1.25.1.gemspec
I, [2014-05-22T17:15:02.206132 #25203]  INFO -- : 0:  polyglot (0.3.4) from /Users/victorortiz/.rvm/gems/ruby-2.0.0-p353@rails3216/specifications/polyglot-0.3.4.gemspec
I, [2014-05-22T17:15:02.206389 #25203]  INFO -- : 0:  treetop (1.4.15) from /Users/victorortiz/.rvm/gems/ruby-2.0.0-p353@rails3216/specifications/treetop-1.4.15.gemspec
I, [2014-05-22T17:15:02.206648 #25203]  INFO -- : 0:  mail (2.5.4) from /Users/victorortiz/.rvm/gems/ruby-2.0.0-p353@rails3216/specifications/mail-2.5.4.gemspec
I, [2014-05-22T17:15:02.206924 #25203]  INFO -- : 0:  actionmailer (3.2.13) from /Users/victorortiz/.rvm/gems/ruby-2.0.0-p353@rails3216/specifications/actionmailer-3.2.13.gemspec
I, [2014-05-22T17:15:02.207191 #25203]  INFO -- : 0:  arel (3.0.3) from /Users/victorortiz/.rvm/gems/ruby-2.0.0-p353@rails3216/specifications/arel-3.0.3.gemspec
I, [2014-05-22T17:15:02.207451 #25203]  INFO -- : 0:  tzinfo (0.3.39) from /Users/victorortiz/.rvm/gems/ruby-2.0.0-p353@rails3216/specifications/tzinfo-0.3.39.gemspec
I, [2014-05-22T17:15:02.207706 #25203]  INFO -- : 0:  activerecord (3.2.13) from /Users/victorortiz/.rvm/gems/ruby-2.0.0-p353@rails3216/specifications/activerecord-3.2.13.gemspec
I, [2014-05-22T17:15:02.207963 #25203]  INFO -- : 0:  activeresource (3.2.13) from /Users/victorortiz/.rvm/gems/ruby-2.0.0-p353@rails3216/specifications/activeresource-3.2.13.gemspec
I, [2014-05-22T17:15:02.208215 #25203]  INFO -- : 0:  bcrypt-ruby (3.0.1) from /Users/victorortiz/.rvm/gems/ruby-2.0.0-p353@rails3216/specifications/bcrypt-ruby-3.0.1.gemspec
I, [2014-05-22T17:15:02.208481 #25203]  INFO -- : 0:  coffee-script-source (1.7.0) from /Users/victorortiz/.rvm/gems/ruby-2.0.0-p353@rails3216/specifications/coffee-script-source-1.7.0.gemspec
I, [2014-05-22T17:15:02.208754 #25203]  INFO -- : 0:  execjs (2.0.2) from /Users/victorortiz/.rvm/gems/ruby-2.0.0-p353@rails3216/specifications/execjs-2.0.2.gemspec
I, [2014-05-22T17:15:02.209005 #25203]  INFO -- : 0:  coffee-script (2.2.0) from /Users/victorortiz/.rvm/gems/ruby-2.0.0-p353@rails3216/specifications/coffee-script-2.2.0.gemspec
I, [2014-05-22T17:15:02.209264 #25203]  INFO -- : 0:  rack-ssl (1.3.3) from /Users/victorortiz/.rvm/gems/ruby-2.0.0-p353@rails3216/specifications/rack-ssl-1.3.3.gemspec
I, [2014-05-22T17:15:02.209521 #25203]  INFO -- : 0:  json (1.8.1) from /Users/victorortiz/.rvm/gems/ruby-2.0.0-p353@rails3216/specifications/json-1.8.1.gemspec
I, [2014-05-22T17:15:02.209777 #25203]  INFO -- : 0:  rdoc (3.12.2) from /Users/victorortiz/.rvm/gems/ruby-2.0.0-p353@rails3216/specifications/rdoc-3.12.2.gemspec
I, [2014-05-22T17:15:02.210035 #25203]  INFO -- : 0:  thor (0.18.1) from /Users/victorortiz/.rvm/gems/ruby-2.0.0-p353@rails3216/specifications/thor-0.18.1.gemspec
I, [2014-05-22T17:15:02.210290 #25203]  INFO -- : 0:  railties (3.2.13) from /Users/victorortiz/.rvm/gems/ruby-2.0.0-p353@rails3216/specifications/railties-3.2.13.gemspec
I, [2014-05-22T17:15:02.210542 #25203]  INFO -- : 0:  coffee-rails (3.2.2) from /Users/victorortiz/.rvm/gems/ruby-2.0.0-p353@rails3216/specifications/coffee-rails-3.2.2.gemspec
I, [2014-05-22T17:15:02.210819 #25203]  INFO -- : 0:  sass (3.3.0) from /Users/victorortiz/.rvm/gems/ruby-2.0.0-p353@rails3216/specifications/sass-3.3.0.gemspec
I, [2014-05-22T17:15:02.211073 #25203]  INFO -- : 0:  foundation-rails (5.2.0.0) from /Users/victorortiz/.rvm/gems/ruby-2.0.0-p353@rails3216/specifications/foundation-rails-5.2.0.0.gemspec
I, [2014-05-22T17:15:02.211338 #25203]  INFO -- : 0:  jquery-rails (3.1.0) from /Users/victorortiz/.rvm/gems/ruby-2.0.0-p353@rails3216/specifications/jquery-rails-3.1.0.gemspec
I, [2014-05-22T17:15:02.211604 #25203]  INFO -- : 0:  pdfkit (0.6.1) from /Users/victorortiz/.rvm/gems/ruby-2.0.0-p353@rails3216/specifications/pdfkit-0.6.1.gemspec
I, [2014-05-22T17:15:02.211854 #25203]  INFO -- : 0:  bundler (1.5.1) from /Users/victorortiz/.rvm/gems/ruby-2.0.0-p353@global/specifications/bundler-1.5.1.gemspec
I, [2014-05-22T17:15:02.212113 #25203]  INFO -- : 0:  rails (3.2.13) from /Users/victorortiz/.rvm/gems/ruby-2.0.0-p353@rails3216/specifications/rails-3.2.13.gemspec
I, [2014-05-22T17:15:02.212375 #25203]  INFO -- : 0:  sass-rails (3.2.6) from /Users/victorortiz/.rvm/gems/ruby-2.0.0-p353@rails3216/specifications/sass-rails-3.2.6.gemspec
I, [2014-05-22T17:15:02.212639 #25203]  INFO -- : 0:  sqlite3 (1.3.9) from /Users/victorortiz/.rvm/gems/ruby-2.0.0-p353@rails3216/specifications/sqlite3-1.3.9.gemspec
I, [2014-05-22T17:15:02.212905 #25203]  INFO -- : 0:  uglifier (2.4.0) from /Users/victorortiz/.rvm/gems/ruby-2.0.0-p353@rails3216/specifications/uglifier-2.4.0.gemspec
I, [2014-05-22T17:15:02.213163 #25203]  INFO -- : 0:  wkhtmltopdf-binary (0.9.9.1) from /Users/victorortiz/.rvm/gems/ruby-2.0.0-p353@rails3216/specifications/wkhtmltopdf-binary-0.9.9.1.gemspec
